1473512855856 facebook
1473512855861 nytimes
1473512855867 snapchat
1473512855873 apple
1473512855880 nvidia
1473512855886 nytimes
1473512855892 apple
1473512855899 intel
1473512855905 google
1473512855911 bing
1473512855917 google
1473512855924 intel
1473512855930 nytimes
1473512855937 nvidia
1473512855943 snapchat
1473512855949 snapchat
1473512855956 google
1473512855961 cnn
1473512855967 apple
1473512855974 apple
1473512855980 amazon
1473512855987 cnn
1473512855992 snapchat
1473512855999 facebook
1473512856005 bing
1473512856011 google
1473512856017 bing
1473512856024 apple
1473512856030 cnn
1473512856036 yahoo
1473512856043 snapchat
1473512856049 yahoo
1473512856056 apple
1473512856061 intel
1473512856067 google
1473512856074 google
1473512856080 bing
1473512856086 bing
1473512856093 bing
1473512856099 yahoo
1473512856105 snapchat
1473512856111 bing
1473512856118 cnbc
1473512856124 google
1473512856130 apple
1473512856136 yahoo
1473512856142 facebook
1473512856148 nvidia
1473512856155 amazon
1473512856161 cnn
1473512856168 bing
1473512856174 amazon
1473512856180 yahoo
1473512856187 nvidia
1473512856193 cnbc
1473512856199 cnbc
1473512856206 cnbc
1473512856211 bing
1473512856218 snapchat
1473512856224 cnn
1473512856230 nytimes
1473512856236 yahoo
1473512856242 bing
1473512856247 yahoo
1473512856254 bing
1473512856260 google
1473512856265 yahoo
1473512856271 facebook
1473512856276 snapchat
1473512856282 amazon
1473512856287 google
1473512856293 google
1473512856298 nvidia
1473512856303 cnbc
1473512856310 google
1473512856316 yahoo
1473512856323 google
1473512856329 facebook
1473512856335 amazon
1473512856342 apple
1473512856348 facebook
1473512856354 amazon
1473512856361 intel
1473512856367 facebook
1473512856374 nytimes
1473512856380 cnn
1473512856386 apple
1473512856393 nvidia
1473512856399 yahoo
1473512856405 yahoo
1473512856411 facebook
1473512856416 snapchat
1473512856423 nytimes
1473512856429 amazon
1473512856436 apple
1473512856442 google
1473512856447 snapchat
1473512856454 yahoo
1473512856460 intel
1473512856466 google
1473512856471 nytimes
1473512856477 nytimes
1473512856483 bing
1473512856490 cnbc
1473512856495 yahoo
1473512856501 amazon
1473512856508 nytimes
1473512856514 apple
1473512856521 amazon
1473512856526 nytimes
1473512856533 snapchat
1473512856539 snapchat
1473512856546 cnbc
1473512856551 yahoo
1473512856558 snapchat
1473512856564 apple
1473512856569 intel
1473512856575 nytimes
1473512856581 yahoo
1473512856588 nytimes
1473512856593 nytimes
1473512856599 snapchat
1473512856604 yahoo
1473512856610 amazon
1473512856615 google
1473512856621 apple
1473512856627 yahoo
1473512856633 yahoo
1473512856639 intel
1473512856645 apple
1473512856652 nytimes
1473512856658 bing
1473512856663 yahoo
1473512856670 amazon
1473512856676 amazon
1473512856681 nvidia
1473512856687 apple
1473512856693 snapchat
1473512856700 cnn
1473512856706 yahoo
1473512856711 bing
1473512856718 apple
1473512856724 nvidia
1473512856730 nvidia
1473512856737 cnn
1473512856743 intel
1473512856750 nvidia
1473512856756 cnn
1473512856761 facebook
1473512856767 facebook
1473512856773 cnbc
1473512856779 cnn
1473512856786 nytimes
1473512856791 intel
1473512856797 bing
1473512856803 nytimes
1473512856809 bing
1473512856815 nytimes
1473512856821 nytimes
1473512856827 google
1473512856833 nvidia
1473512856839 cnbc
1473512856845 bing
1473512856851 google
1473512856858 nytimes
1473512856863 yahoo
1473512856869 yahoo
1473512856876 cnbc
1473512856882 apple
1473512856889 facebook
1473512856895 cnbc
1473512856901 cnn
1473512856907 google
1473512856913 google
1473512856920 snapchat
1473512856926 intel
1473512856933 nvidia
1473512856939 google
1473512856945 yahoo
1473512856951 apple
1473512856958 cnn
1473512856964 intel
1473512856971 apple
1473512856977 cnn
1473512856983 snapchat
1473512856990 facebook
1473512856996 cnn
1473512857001 snapchat
1473512857008 bing
1473512857014 google
1473512857020 cnbc
1473512857027 google
1473512857033 nytimes
1473512857040 amazon
1473512857046 facebook
1473512857052 yahoo
1473512857059 amazon
1473512857064 nvidia
1473512857071 apple
1473512857076 apple
1473512857083 cnn
1473512857089 yahoo
1473512857096 google
1473512857102 nytimes
1473512857108 nvidia
1473512857115 cnbc
1473512857120 facebook
1473512857127 google
1473512857133 yahoo
1473512857139 google
1473512857145 cnbc
1473512857151 facebook
1473512857158 cnbc
1473512857164 nytimes
1473512857169 google
1473512857176 google
1473512857182 apple
1473512857189 cnbc
1473512857195 yahoo
1473512857201 nvidia
1473512857208 apple
1473512857214 cnn
1473512857220 apple
1473512857227 intel
1473512857233 cnn
1473512857239 amazon
1473512857246 yahoo
1473512857252 amazon
1473512857259 nytimes
1473512857265 google
1473512857272 cnbc
1473512857277 bing
1473512857282 google
1473512857289 snapchat
1473512857295 facebook
1473512857301 amazon
1473512857306 bing
1473512857311 google
1473512857318 nvidia
1473512857324 google
1473512857329 nytimes
1473512857335 bing
1473512857341 amazon
1473512857348 intel
1473512857353 intel
1473512857358 yahoo
1473512857365 snapchat
1473512857370 intel
1473512857376 cnbc
1473512857383 google
1473512857389 amazon
1473512857395 cnbc
1473512857401 yahoo
1473512857407 cnbc
1473512857412 bing
1473512857417 nvidia
1473512857424 snapchat
1473512857429 google
1473512857435 intel
1473512857441 apple
1473512857447 cnbc
1473512857454 apple
1473512857460 nvidia
1473512857465 snapchat
1473512857472 yahoo
1473512857477 snapchat
1473512857483 apple
1473512857489 cnbc
1473512857496 amazon
1473512857502 cnn
1473512857507 cnbc
1473512857513 intel
1473512857519 facebook
1473512857526 amazon
1473512857532 nvidia
1473512857539 nytimes
1473512857545 intel
1473512857551 google
1473512857558 nytimes
1473512857563 facebook
1473512857569 google
1473512857576 nvidia
1473512857582 amazon
1473512857588 nvidia
1473512857595 nytimes
1473512857600 cnn
1473512857619 nytimes
1473512857625 yahoo
1473512857630 google
1473512857637 facebook
1473512857643 intel
1473512857648 facebook
1473512857654 cnn
1473512857659 apple
1473512857665 intel
1473512857671 intel
1473512857677 facebook
1473512857682 cnbc
1473512857687 cnn
1473512857693 amazon
1473512857698 cnn
1473512857703 apple
1473512857708 facebook
1473512857715 cnbc
1473512857720 apple
1473512857727 google
1473512857733 yahoo
1473512857739 apple
1473512857744 snapchat
1473512857750 nvidia
1473512857756 nytimes
1473512857762 cnbc
1473512857768 amazon
1473512857774 amazon
1473512857781 snapchat
1473512857787 snapchat
1473512857793 cnn
1473512857800 google
1473512857811 cnbc
1473512857817 cnbc
1473512857824 facebook
1473512857829 intel
1473512857834 cnn
1473512857840 facebook
1473512857846 facebook
1473512857853 nytimes
1473512857859 cnbc
1473512857865 amazon
1473512857872 nvidia
1473512857877 yahoo
1473512857883 nvidia
1473512857889 yahoo
1473512857895 cnn
1473512857901 snapchat
1473512857907 nvidia
1473512857913 cnn
1473512857918 facebook
1473512857924 amazon
1473512857931 amazon
1473512857938 nvidia
1473512857944 yahoo
1473512857950 nvidia
1473512857955 yahoo
1473512857961 amazon
1473512857967 yahoo
1473512857974 snapchat
1473512857979 intel
1473512857986 snapchat
1473512857992 snapchat
1473512857997 google
1473512858002 yahoo
1473512858009 nvidia
1473512858015 nvidia
1473512858022 cnbc
1473512858027 cnn
1473512858034 apple
1473512858040 nvidia
1473512858046 intel
1473512858053 nvidia
1473512858059 cnbc
1473512858066 facebook
1473512858072 facebook
1473512858077 snapchat
1473512858082 apple
1473512858089 amazon
1473512858094 nvidia
1473512858099 yahoo
1473512858106 apple
1473512858112 intel
1473512858119 cnbc
1473512858125 cnbc
1473512858131 facebook
1473512858138 google
1473512858144 facebook
1473512858150 amazon
1473512858156 cnn
1473512858161 apple
1473512858167 yahoo
1473512858173 snapchat
1473512858179 intel
1473512858184 apple
1473512858191 google
1473512858197 google
1473512858203 yahoo
1473512858210 intel
1473512858215 snapchat
1473512858221 cnn
1473512858227 nvidia
1473512858234 apple
1473512858240 google
1473512858247 apple
1473512858253 yahoo
1473512858259 nytimes
1473512858266 yahoo
1473512858272 cnbc
1473512858277 nytimes
1473512858283 nvidia
1473512858290 nytimes
1473512858296 nvidia
1473512858302 google
1473512858307 nvidia
1473512858314 nytimes
1473512858320 nytimes
1473512858326 cnbc
1473512858333 intel
1473512858339 cnn
1473512858346 cnn
1473512858352 apple
1473512858358 amazon
1473512858365 google
1473512858371 facebook
1473512858377 amazon
1473512858384 cnn
1473512858390 facebook
1473512858395 cnn
1473512858401 nytimes
1473512858407 nvidia
1473512858413 google
1473512858419 google
1473512858424 google
1473512858431 nytimes
1473512858437 apple
1473512858443 nytimes
1473512858450 amazon
1473512858456 apple
1473512858463 facebook
1473512858469 facebook
1473512858475 google
1473512858482 google
1473512858488 nvidia
1473512858494 google
1473512858499 google
1473512858506 snapchat
1473512858511 facebook
1473512858517 facebook
1473512858524 cnbc
1473512858530 intel
1473512858536 amazon
1473512858543 nvidia
1473512858549 facebook
1473512858555 cnn
1473512858561 bing
1473512858567 apple
1473512858573 snapchat
1473512858579 nytimes
1473512858586 cnn
1473512858592 google
1473512858598 nvidia
1473512858604 google
1473512858610 amazon
1473512858615 bing
1473512858622 nytimes
1473512858627 google
1473512858634 snapchat
1473512858640 intel
1473512858646 cnn
1473512858652 google
1473512858659 snapchat
1473512858665 nytimes
1473512858672 amazon
1473512858677 snapchat
1473512858684 facebook
1473512858690 apple
1473512858696 yahoo
1473512858702 amazon
1473512858708 snapchat
1473512858714 yahoo
1473512858721 cnbc
1473512858727 apple
1473512858733 intel
1473512858740 yahoo
1473512858746 yahoo
1473512858753 cnn
1473512858759 cnn
1473512858765 cnbc
1473512858772 snapchat
1473512858778 nytimes
1473512858784 apple
1473512858789 apple
1473512858794 google
1473512858801 cnbc
1473512858807 snapchat
1473512858813 amazon
1473512858819 apple
1473512858825 facebook
1473512858832 cnbc
1473512858837 cnbc
1473512858843 amazon
1473512858850 nvidia
1473512858856 google
1473512858863 cnn
1473512858869 nvidia
1473512858876 yahoo
1473512858882 cnbc
1473512858887 cnbc
1473512858893 cnbc
1473512858899 facebook
1473512858905 snapchat
1473512858911 nytimes
1473512858917 nytimes
1473512858923 snapchat
1473512858930 bing
1473512858936 amazon
1473512858941 cnn
1473512858948 snapchat
1473512858954 nvidia
1473512858961 cnbc
1473512858967 cnn
1473512858973 snapchat
1473512858980 amazon
1473512858986 amazon
1473512858992 amazon
1473512858999 google
1473512859004 cnn
1473512859010 facebook
1473512859016 nvidia
1473512859021 cnn
1473512859027 amazon
1473512859033 snapchat
1473512859039 apple
1473512859045 nytimes
1473512859050 facebook
1473512859056 snapchat
1473512859061 apple
1473512859068 cnbc
1473512859074 snapchat
1473512859080 apple
1473512859086 google
1473512859092 intel
1473512859099 cnbc
1473512859105 amazon
1473512859111 facebook
1473512859117 nvidia
1473512859123 cnbc
1473512859130 yahoo
1473512859136 snapchat
1473512859141 cnbc
1473512859147 yahoo
1473512859154 apple
1473512859160 bing
1473512859165 cnbc
1473512859172 yahoo
1473512859178 nvidia
1473512859183 facebook
1473512859189 cnbc
1473512859194 bing
1473512859200 amazon
1473512859207 nytimes
1473512859212 google
1473512859219 cnbc
1473512859225 yahoo
1473512859230 amazon
1473512859236 amazon
1473512859242 cnbc
1473512859248 nytimes
1473512859254 yahoo
1473512859262 apple
1473512859269 yahoo
1473512859274 facebook
1473512859280 nytimes
1473512859287 facebook
1473512859292 cnn
1473512859297 nvidia
1473512859303 snapchat
1473512859308 apple
1473512859313 apple
1473512859319 bing
1473512859324 cnn
1473512859329 snapchat
1473512859334 snapchat
1473512859339 apple
1473512859344 cnbc
1473512859349 yahoo
1473512859356 google
1473512859363 nvidia
1473512859368 facebook
1473512859375 bing
1473512859380 bing
1473512859385 nytimes
1473512859391 cnbc
1473512859407 bing
1473512859414 intel
1473512859420 snapchat
1473512859426 nytimes
1473512859431 bing
1473512859437 bing
1473512859442 cnn
1473512859449 snapchat
1473512859454 cnbc
1473512859460 apple
1473512859466 amazon
1473512859471 apple
1473512859478 cnbc
1473512859484 intel
1473512859490 facebook
1473512859497 nvidia
1473512859502 amazon
1473512859508 bing
1473512859515 nytimes
1473512859520 facebook
1473512859526 apple
1473512859533 apple
1473512859539 nvidia
1473512859546 cnbc
1473512859551 amazon
1473512859558 facebook
1473512859563 google
1473512859569 snapchat
1473512859575 cnn
1473512859581 snapchat
1473512859586 snapchat
1473512859593 nvidia
1473512859598 apple
1473512859603 bing
1473512859609 cnbc
1473512859615 snapchat
1473512859622 amazon
1473512859628 intel
1473512859634 nvidia
1473512859641 cnn
1473512859647 facebook
1473512859653 snapchat
1473512859658 google
1473512859665 nytimes
1473512859670 cnn
1473512859676 cnbc
1473512859683 facebook
1473512859689 snapchat
1473512859695 apple
1473512859702 amazon
1473512859707 intel
1473512859713 cnbc
1473512859719 nytimes
1473512859724 amazon
1473512859731 intel
1473512859736 cnn
1473512859743 cnn
1473512859748 cnn
1473512859754 nvidia
1473512859761 apple
1473512859766 facebook
1473512859773 snapchat
1473512859778 snapchat
1473512859783 intel
1473512859790 cnn
1473512859796 bing
1473512859802 nytimes
1473512859809 nytimes
1473512859814 snapchat
1473512859820 amazon
1473512859826 facebook
1473512859833 cnbc
1473512859839 bing
1473512859845 intel
1473512859851 cnbc
1473512859857 nytimes
1473512859863 google
1473512859869 yahoo
1473512859876 bing
1473512859882 intel
1473512859887 cnn
1473512859893 cnn
1473512859900 google
1473512859906 google
1473512859911 snapchat
1473512859918 amazon
1473512859924 bing
1473512859931 cnn
1473512859936 nytimes
1473512859942 apple
1473512859947 apple
1473512859953 amazon
1473512859959 amazon
1473512859965 nvidia
1473512859971 facebook
1473512859976 bing
1473512859983 nytimes
1473512859989 intel
1473512859995 apple
1473512860001 google
1473512860007 google
1473512860014 yahoo
1473512860020 intel
1473512860026 cnbc
1473512860031 google
1473512860037 nytimes
1473512860043 amazon
1473512860049 apple
1473512860055 intel
1473512860061 snapchat
1473512860068 google
1473512860074 facebook
1473512860081 yahoo
1473512860087 cnbc
1473512860094 nytimes
1473512860100 facebook
1473512860105 cnn
1473512860112 facebook
1473512860118 facebook
1473512860124 google
1473512860131 facebook
1473512860137 snapchat
1473512860143 facebook
1473512860149 apple
1473512860156 facebook
1473512860161 cnn
1473512860168 nvidia
1473512860174 nvidia
1473512860181 yahoo
1473512860186 google
1473512860192 snapchat
1473512860199 bing
1473512860204 cnn
1473512860209 nvidia
1473512860216 amazon
1473512860222 cnbc
1473512860229 intel
1473512860235 cnn
1473512860241 bing
1473512860248 yahoo
1473512860253 amazon
1473512860260 yahoo
1473512860265 amazon
1473512860270 yahoo
1473512860276 nytimes
1473512860283 nytimes
1473512860289 nvidia
1473512860296 nvidia
1473512860302 snapchat
1473512860308 snapchat
1473512860314 bing
1473512860320 facebook
1473512860325 intel
1473512860331 google
1473512860336 cnn
1473512860342 intel
1473512860349 intel
1473512860355 bing
1473512860362 yahoo
1473512860368 google
1473512860374 bing
1473512860380 yahoo
1473512860385 google
1473512860391 google
1473512860398 cnbc
1473512860403 google
1473512860410 google
1473512860416 nvidia
1473512860422 cnn
1473512860429 intel
1473512860435 snapchat
1473512860442 google
1473512860448 amazon
1473512860454 nytimes
1473512860460 snapchat
1473512860465 snapchat
1473512860471 facebook
1473512860477 cnbc
1473512860484 google
1473512860490 google
1473512860497 amazon
1473512860503 nytimes
1473512860509 nytimes
1473512860515 intel
1473512860522 facebook
1473512860528 google
1473512860535 cnbc
1473512860541 yahoo
1473512860547 bing
1473512860553 google
1473512860559 cnn
1473512860566 facebook
1473512860572 facebook
1473512860579 intel
1473512860585 bing
1473512860591 facebook
1473512860598 snapchat
1473512860603 bing
1473512860609 yahoo
1473512860616 intel
1473512860622 cnn
1473512860629 intel
1473512860634 yahoo
1473512860641 intel
1473512860647 snapchat
1473512860653 apple
1473512860659 nytimes
1473512860666 cnbc
1473512860672 cnbc
1473512860679 nvidia
1473512860685 facebook
1473512860691 bing
1473512860698 google
1473512860703 bing
1473512860710 facebook
1473512860715 snapchat
1473512860720 apple
1473512860727 bing
1473512860733 nytimes
1473512860740 yahoo
1473512860746 cnn
1473512860752 apple
1473512860759 yahoo
1473512860765 snapchat
1473512860771 amazon
1473512860777 yahoo
1473512860782 cnn
1473512860788 facebook
1473512860794 yahoo
1473512860800 cnbc
1473512860806 snapchat
1473512860813 cnn
1473512860819 cnn
1473512860825 facebook
1473512860830 google
1473512860836 snapchat
1473512860841 snapchat
1473512860847 intel
1473512860853 nvidia
1473512860858 nvidia
1473512860864 bing
1473512860870 cnn
1473512860876 intel
1473512860881 cnn
1473512860888 intel
1473512860894 intel
1473512860899 yahoo
1473512860905 amazon
1473512860911 facebook
1473512860916 snapchat
1473512860923 nytimes
1473512860929 apple
1473512860934 nvidia
1473512860941 cnn
1473512860946 snapchat
1473512860952 bing
1473512860959 nytimes
1473512860964 nytimes
1473512860969 nytimes
1473512860976 amazon
1473512860981 nytimes
1473512860987 amazon
1473512860993 cnn
1473512860998 facebook
1473512861003 google
1473512861009 intel
1473512861015 bing
1473512861022 yahoo
1473512861028 google
1473512861033 cnbc
1473512861039 cnn
1473512861046 nvidia
1473512861051 google
1473512861057 cnbc
1473512861064 nvidia
1473512861069 cnbc
1473512861076 amazon
1473512861081 snapchat
1473512861086 nytimes
1473512861092 amazon
1473512861097 snapchat
1473512861103 amazon
1473512861108 facebook
1473512861113 facebook
1473512861120 facebook
1473512861126 cnn
1473512861132 facebook
1473512861137 cnn
1473512861143 nytimes
1473512861149 bing
1473512861156 amazon
1473512861161 facebook
1473512861168 nvidia
1473512861174 amazon
1473512861180 google
1473512861185 nvidia
1473512861192 nvidia
1473512861197 google
1473512861204 snapchat
1473512861209 nytimes
1473512861214 amazon
1473512861220 intel
1473512861225 intel
1473512861230 apple
1473512861237 amazon
1473512861243 cnbc
1473512861248 apple
1473512861253 nytimes
1473512861260 amazon
1473512861265 nvidia
1473512861270 cnbc
1473512861276 cnn
1473512861281 snapchat
1473512861286 nytimes
1473512861293 google
1473512861299 apple
1473512861304 cnbc
1473512861311 cnn
1473512861317 yahoo
1473512861323 yahoo
1473512861328 apple
1473512861334 intel
1473512861339 cnbc
1473512861345 nytimes
1473512861351 amazon
1473512861357 cnbc
1473512861363 facebook
1473512861369 nytimes
1473512861376 nvidia
1473512861381 cnbc
1473512861387 yahoo
1473512861393 amazon
1473512861399 facebook
1473512861405 nytimes
1473512861410 snapchat
1473512861416 cnn
1473512861421 bing
1473512861427 apple
1473512861432 cnn
1473512861439 amazon
1473512861445 yahoo
1473512861451 bing
1473512861457 apple
1473512861462 amazon
1473512861467 apple
1473512861474 cnn
1473512861480 cnbc
1473512861487 bing
1473512861493 intel
1473512861499 google
1473512861506 google
1473512861512 snapchat
1473512861518 bing
1473512861525 facebook
1473512861531 nytimes
1473512861537 cnbc
1473512861543 facebook
1473512861550 nytimes
1473512861555 nvidia
1473512861562 intel
1473512861568 apple
1473512861575 nvidia
1473512861581 yahoo
1473512861586 apple
1473512861593 yahoo
1473512861599 amazon
1473512861604 nvidia
1473512861611 yahoo
1473512861617 bing
1473512861622 nytimes
1473512861627 yahoo
1473512861634 nvidia
1473512861640 google
1473512861647 facebook
1473512861653 amazon
1473512861659 apple
1473512861665 nytimes
1473512861670 google
1473512861676 yahoo
1473512861682 bing
1473512861688 nvidia
1473512861694 yahoo
1473512861699 cnbc
1473512861706 bing
1473512861712 yahoo
1473512861718 google
1473512861723 cnbc
1473512861729 bing
1473512861736 cnn
1473512861742 nytimes
1473512861749 intel
1473512861754 intel
1473512861760 facebook
1473512861767 bing
1473512861773 cnn
1473512861779 snapchat
1473512861785 nvidia
1473512861791 nytimes
1473512861797 google
1473512861803 cnbc
1473512861810 bing
1473512861816 apple
1473512861821 facebook
1473512861827 nytimes
1473512861833 facebook
1473512861838 snapchat
1473512861843 amazon
1473512861849 yahoo
1473512861856 snapchat
1473512861862 apple
1473512861867 bing
1473512861874 intel
1473512861880 nytimes
1473512861887 amazon
1473512861893 snapchat
1473512861899 apple
1473512861905 bing
1473512861911 facebook
1473512861916 intel
